Determining if the pthread_create exist failed with the following output:
Change Dir: /data/home/zhuwentao/sqlite/scudb_initial/scudb_initial/scudb_initial/build/CMakeFiles/CMakeTmp

Run Build Command:"/usr/bin/make" "cmTC_81f46/fast"
/usr/bin/make -f CMakeFiles/cmTC_81f46.dir/build.make CMakeFiles/cmTC_81f46.dir/build
make[1]: 进入目录“/data/home/zhuwentao/sqlite/scudb_initial/scudb_initial/scudb_initial/build/CMakeFiles/CMakeTmp”
Building C object CMakeFiles/cmTC_81f46.dir/CheckSymbolExists.c.o
/usr/bin/cc    -o CMakeFiles/cmTC_81f46.dir/CheckSymbolExists.c.o   -c /data/home/zhuwentao/sqlite/scudb_initial/scudb_initial/scudb_initial/build/CMakeFiles/CMakeTmp/CheckSymbolExists.c
Linking C executable cmTC_81f46
/usr/bin/cmake -E cmake_link_script CMakeFiles/cmTC_81f46.dir/link.txt --verbose=1
/usr/bin/cc      -rdynamic CMakeFiles/cmTC_81f46.dir/CheckSymbolExists.c.o  -o cmTC_81f46 
/usr/bin/ld: CMakeFiles/cmTC_81f46.dir/CheckSymbolExists.c.o: in function `main':
CheckSymbolExists.c:(.text+0x16): undefined reference to `pthread_create'
collect2: error: ld returned 1 exit status
make[1]: *** [CMakeFiles/cmTC_81f46.dir/build.make:87：cmTC_81f46] 错误 1
make[1]: 离开目录“/data/home/zhuwentao/sqlite/scudb_initial/scudb_initial/scudb_initial/build/CMakeFiles/CMakeTmp”
make: *** [Makefile:121：cmTC_81f46/fast] 错误 2

File /data/home/zhuwentao/sqlite/scudb_initial/scudb_initial/scudb_initial/build/CMakeFiles/CMakeTmp/CheckSymbolExists.c:
/* */
#include <pthread.h>

int main(int argc, char** argv)
{
  (void)argv;
#ifndef pthread_create
  return ((int*)(&pthread_create))[argc];
#else
  (void)argc;
  return 0;
#endif
}

Determining if the function pthread_create exists in the pthreads failed with the following output:
Change Dir: /data/home/zhuwentao/sqlite/scudb_initial/scudb_initial/scudb_initial/build/CMakeFiles/CMakeTmp

Run Build Command:"/usr/bin/make" "cmTC_89a7b/fast"
/usr/bin/make -f CMakeFiles/cmTC_89a7b.dir/build.make CMakeFiles/cmTC_89a7b.dir/build
make[1]: 进入目录“/data/home/zhuwentao/sqlite/scudb_initial/scudb_initial/scudb_initial/build/CMakeFiles/CMakeTmp”
Building C object CMakeFiles/cmTC_89a7b.dir/CheckFunctionExists.c.o
/usr/bin/cc   -DCHECK_FUNCTION_EXISTS=pthread_create   -o CMakeFiles/cmTC_89a7b.dir/CheckFunctionExists.c.o   -c /usr/share/cmake-3.13/Modules/CheckFunctionExists.c
Linking C executable cmTC_89a7b
/usr/bin/cmake -E cmake_link_script CMakeFiles/cmTC_89a7b.dir/link.txt --verbose=1
/usr/bin/cc  -DCHECK_FUNCTION_EXISTS=pthread_create    -rdynamic CMakeFiles/cmTC_89a7b.dir/CheckFunctionExists.c.o  -o cmTC_89a7b -lpthreads 
/usr/bin/ld: 找不到 -lpthreads
collect2: error: ld returned 1 exit status
make[1]: *** [CMakeFiles/cmTC_89a7b.dir/build.make:87：cmTC_89a7b] 错误 1
make[1]: 离开目录“/data/home/zhuwentao/sqlite/scudb_initial/scudb_initial/scudb_initial/build/CMakeFiles/CMakeTmp”
make: *** [Makefile:121：cmTC_89a7b/fast] 错误 2


